<?xml version="1.0" encoding="UTF-8"?>
<!-- Generated by org.testng.reporters.JUnitReportReporter -->
<testsuite skipped="0" hostname="Rahee-Khan" name="tests.PageLoadTimeTest" tests="5" failures="0" timestamp="2023-10-04T12:11:36 EDT" time="626.497" errors="0">
  <testcase name="login_page_load_time" time="95.873" classname="tests.PageLoadTimeTest"/>
  <system-out/>
  <testcase name="login_page_load_time" time="81.697" classname="tests.PageLoadTimeTest"/>
  <system-out/>
  <testcase name="login_page_load_time" time="89.073" classname="tests.PageLoadTimeTest"/>
  <system-out/>
  <testcase name="login_page_load_time" time="85.050" classname="tests.PageLoadTimeTest"/>
  <system-out/>
  <testcase name="login_page_load_time" time="274.804" classname="tests.PageLoadTimeTest"/>
  <system-out/>
</testsuite> <!-- tests.PageLoadTimeTest -->
